<?xml version="1.0" encoding="UTF-8"?>
<!-- Generated by org.testng.reporters.JUnitReportReporter -->
<testsuite skipped="0" hostname="DESKTOP-D1ALEEV" name="com.GuruBank.Testcases.VerifyNewCustomerPage" tests="1" failures="0" timestamp="28 Jun 2019 05:12:37 GMT" time="13.272" errors="0">
  <testcase name="Customerdetails" time="13.272" classname="com.GuruBank.Testcases.VerifyNewCustomerPage"/>
</testsuite> <!-- com.GuruBank.Testcases.VerifyNewCustomerPage -->
