<?xml version="1.0" encoding="UTF-8"?>
<!-- Generated by org.testng.reporters.JUnitReportReporter -->
<testsuite skipped="0" hostname="DESKTOP-D1ALEEV" name="com.GuruBank.Testcases.VerifyNewAccountPage" tests="1" failures="0" timestamp="28 Jun 2019 07:18:02 GMT" time="13.517" errors="0">
  <testcase name="NewAccount" time="13.517" classname="com.GuruBank.Testcases.VerifyNewAccountPage"/>
</testsuite> <!-- com.GuruBank.Testcases.VerifyNewAccountPage -->
