<?xml version="1.0" encoding="UTF-8"?>
<!-- Generated by org.testng.reporters.JUnitReportReporter -->
<testsuite skipped="0" hostname="DESKTOP-D1ALEEV" name="com.GuruBank.Testcases.VerifyLoginPage" tests="1" failures="0" timestamp="27 Jun 2019 11:57:55 GMT" time="10.392" errors="0">
  <testcase name="verifyValidLogin" time="10.392" classname="com.GuruBank.Testcases.VerifyLoginPage"/>
</testsuite> <!-- com.GuruBank.Testcases.VerifyLoginPage -->
